<?xml version="1.0" encoding="UTF-8"?>
<!-- Generated by org.testng.reporters.JUnitReportReporter -->
<testsuite hostname="qedgelab6-PC" name="ramesh.RameshSe.AppTest" tests="1" failures="0" timestamp="4 Oct 2019 07:12:39 GMT" time="0.010" errors="0">
  <testcase name="sample1" time="0.010" classname="ramesh.RameshSe.AppTest"/>
</testsuite> <!-- ramesh.RameshSe.AppTest -->
